<?xml version="1.0" encoding="UTF-8"?>
<testsuite xmlns:xsi="http://www.w3.org/2001/XMLSchema-instance" xsi:noNamespaceSchemaLocation="https://maven.apache.org/surefire/maven-surefire-plugin/xsd/surefire-test-report-3.0.xsd" version="3.0" name="GoogleCloudStorageApiTest" time="4.275" tests="7" errors="2" skipped="0" failures="0">
  <properties>
    <property name="sun.desktop" value="windows"/>
    <property name="awt.toolkit" value="sun.awt.windows.WToolkit"/>
    <property name="java.specification.version" value="11"/>
    <property name="sun.cpu.isalist" value="amd64"/>
    <property name="sun.jnu.encoding" value="Cp1252"/>
    <property name="java.class.path" value="C:\Progetti\GitPixis\GoogleApiService\target\test-classes;C:\Progetti\GitPixis\GoogleApiService\target\classes;C:\Users\bmasc\.m2\repository\com\google\cloud\google-cloud-storage\1.112.0\google-cloud-storage-1.112.0.jar;C:\Users\bmasc\.m2\repository\com\google\guava\guava\29.0-android\guava-29.0-android.jar;C:\Users\bmasc\.m2\repository\com\google\guava\failureaccess\1.0.1\failureaccess-1.0.1.jar;C:\Users\bmasc\.m2\repository\com\google\guava\listenablefuture\9999.0-empty-to-avoid-conflict-with-guava\listenablefuture-9999.0-empty-to-avoid-conflict-with-guava.jar;C:\Users\bmasc\.m2\repository\com\google\code\findbugs\jsr305\3.0.2\jsr305-3.0.2.jar;C:\Users\bmasc\.m2\repository\org\checkerframework\checker-compat-qual\2.5.5\checker-compat-qual-2.5.5.jar;C:\Users\bmasc\.m2\repository\com\google\errorprone\error_prone_annotations\2.3.4\error_prone_annotations-2.3.4.jar;C:\Users\bmasc\.m2\repository\com\google\j2objc\j2objc-annotations\1.3\j2objc-annotations-1.3.jar;C:\Users\bmasc\.m2\repository\com\google\http-client\google-http-client\1.36.0\google-http-client-1.36.0.jar;C:\Users\bmasc\.m2\repository\io\opencensus\opencensus-contrib-http-util\0.24.0\opencensus-contrib-http-util-0.24.0.jar;C:\Users\bmasc\.m2\repository\com\google\http-client\google-http-client-jackson2\1.36.0\google-http-client-jackson2-1.36.0.jar;C:\Users\bmasc\.m2\repository\com\fasterxml\jackson\core\jackson-core\2.11.1\jackson-core-2.11.1.jar;C:\Users\bmasc\.m2\repository\com\google\api-client\google-api-client\1.30.10\google-api-client-1.30.10.jar;C:\Users\bmasc\.m2\repository\com\google\oauth-client\google-oauth-client\1.31.0\google-oauth-client-1.31.0.jar;C:\Users\bmasc\.m2\repository\com\google\apis\google-api-services-storage\v1-rev20200727-1.30.10\google-api-services-storage-v1-rev20200727-1.30.10.jar;C:\Users\bmasc\.m2\repository\com\google\code\gson\gson\2.8.6\gson-2.8.6.jar;C:\Users\bmasc\.m2\repository\com\google\cloud\google-cloud-core\1.93.7\google-cloud-core-1.93.7.jar;C:\Users\bmasc\.m2\repository\com\google\auto\value\auto-value-annotations\1.7.2\auto-value-annotations-1.7.2.jar;C:\Users\bmasc\.m2\repository\com\google\api\grpc\proto-google-common-protos\1.18.0\proto-google-common-protos-1.18.0.jar;C:\Users\bmasc\.m2\repository\com\google\cloud\google-cloud-core-http\1.93.7\google-cloud-core-http-1.93.7.jar;C:\Users\bmasc\.m2\repository\com\google\http-client\google-http-client-appengine\1.36.0\google-http-client-appengine-1.36.0.jar;C:\Users\bmasc\.m2\repository\com\google\api\gax-httpjson\0.75.2\gax-httpjson-0.75.2.jar;C:\Users\bmasc\.m2\repository\com\google\api\gax\1.58.2\gax-1.58.2.jar;C:\Users\bmasc\.m2\repository\com\google\auth\google-auth-library-credentials\0.21.1\google-auth-library-credentials-0.21.1.jar;C:\Users\bmasc\.m2\repository\com\google\api\api-common\1.10.0\api-common-1.10.0.jar;C:\Users\bmasc\.m2\repository\javax\annotation\javax.annotation-api\1.3.2\javax.annotation-api-1.3.2.jar;C:\Users\bmasc\.m2\repository\io\opencensus\opencensus-api\0.24.0\opencensus-api-0.24.0.jar;C:\Users\bmasc\.m2\repository\io\grpc\grpc-context\1.31.0\grpc-context-1.31.0.jar;C:\Users\bmasc\.m2\repository\com\google\api\grpc\proto-google-iam-v1\0.13.0\proto-google-iam-v1-0.13.0.jar;C:\Users\bmasc\.m2\repository\com\google\protobuf\protobuf-java\3.12.4\protobuf-java-3.12.4.jar;C:\Users\bmasc\.m2\repository\com\google\protobuf\protobuf-java-util\3.12.4\protobuf-java-util-3.12.4.jar;C:\Users\bmasc\.m2\repository\org\threeten\threetenbp\1.4.4\threetenbp-1.4.4.jar;C:\Users\bmasc\.m2\repository\org\apache\logging\log4j\log4j-api\2.13.1\log4j-api-2.13.1.jar;C:\Users\bmasc\.m2\repository\org\apache\logging\log4j\log4j-core\2.13.1\log4j-core-2.13.1.jar;C:\Users\bmasc\.m2\repository\org\junit\jupiter\junit-jupiter-api\5.7.0\junit-jupiter-api-5.7.0.jar;C:\Users\bmasc\.m2\repository\org\apiguardian\apiguardian-api\1.1.0\apiguardian-api-1.1.0.jar;C:\Users\bmasc\.m2\repository\org\opentest4j\opentest4j\1.2.0\opentest4j-1.2.0.jar;C:\Users\bmasc\.m2\repository\org\junit\platform\junit-platform-commons\1.7.0\junit-platform-commons-1.7.0.jar;C:\Users\bmasc\.m2\repository\org\junit\jupiter\junit-jupiter-params\5.7.0\junit-jupiter-params-5.7.0.jar;C:\Users\bmasc\.m2\repository\com\google\auth\google-auth-library-oauth2-http\0.22.1\google-auth-library-oauth2-http-0.22.1.jar;C:\Users\bmasc\.m2\repository\org\jolie-lang\jolie\1.9.1\jolie-1.9.1.jar;C:\Users\bmasc\.m2\repository\org\jolie-lang\libjolie\1.9.1\libjolie-1.9.1.jar;C:\Users\bmasc\.m2\repository\org\jolie-lang\jolie-java\1.9.1\jolie-java-1.9.1.jar;C:\Users\bmasc\.m2\repository\org\jolie-lang\sodep\1.9.1\sodep-1.9.1.jar;"/>
    <property name="java.vm.vendor" value="Oracle Corporation"/>
    <property name="sun.arch.data.model" value="64"/>
    <property name="user.variant" value=""/>
    <property name="java.vendor.url" value="http://java.oracle.com/"/>
    <property name="user.timezone" value="Europe/Berlin"/>
    <property name="java.vm.specification.version" value="11"/>
    <property name="os.name" value="Windows 10"/>
    <property name="sun.java.launcher" value="SUN_STANDARD"/>
    <property name="user.country" value="IT"/>
    <property name="sun.boot.library.path" value="C:\Program Files\Java\jdk-11.0.4\bin"/>
    <property name="sun.java.command" value="C:\Users\bmasc\AppData\Local\Temp\surefire9126277245756780284\surefirebooter2965969036408812211.jar C:\Users\bmasc\AppData\Local\Temp\surefire9126277245756780284 2021-02-05T18-52-33_698-jvmRun1 surefire6081705568221680588tmp surefire_0145585777211364968tmp"/>
    <property name="jdk.debug" value="release"/>
    <property name="surefire.test.class.path" value="C:\Progetti\GitPixis\GoogleApiService\target\test-classes;C:\Progetti\GitPixis\GoogleApiService\target\classes;C:\Users\bmasc\.m2\repository\com\google\cloud\google-cloud-storage\1.112.0\google-cloud-storage-1.112.0.jar;C:\Users\bmasc\.m2\repository\com\google\guava\guava\29.0-android\guava-29.0-android.jar;C:\Users\bmasc\.m2\repository\com\google\guava\failureaccess\1.0.1\failureaccess-1.0.1.jar;C:\Users\bmasc\.m2\repository\com\google\guava\listenablefuture\9999.0-empty-to-avoid-conflict-with-guava\listenablefuture-9999.0-empty-to-avoid-conflict-with-guava.jar;C:\Users\bmasc\.m2\repository\com\google\code\findbugs\jsr305\3.0.2\jsr305-3.0.2.jar;C:\Users\bmasc\.m2\repository\org\checkerframework\checker-compat-qual\2.5.5\checker-compat-qual-2.5.5.jar;C:\Users\bmasc\.m2\repository\com\google\errorprone\error_prone_annotations\2.3.4\error_prone_annotations-2.3.4.jar;C:\Users\bmasc\.m2\repository\com\google\j2objc\j2objc-annotations\1.3\j2objc-annotations-1.3.jar;C:\Users\bmasc\.m2\repository\com\google\http-client\google-http-client\1.36.0\google-http-client-1.36.0.jar;C:\Users\bmasc\.m2\repository\io\opencensus\opencensus-contrib-http-util\0.24.0\opencensus-contrib-http-util-0.24.0.jar;C:\Users\bmasc\.m2\repository\com\google\http-client\google-http-client-jackson2\1.36.0\google-http-client-jackson2-1.36.0.jar;C:\Users\bmasc\.m2\repository\com\fasterxml\jackson\core\jackson-core\2.11.1\jackson-core-2.11.1.jar;C:\Users\bmasc\.m2\repository\com\google\api-client\google-api-client\1.30.10\google-api-client-1.30.10.jar;C:\Users\bmasc\.m2\repository\com\google\oauth-client\google-oauth-client\1.31.0\google-oauth-client-1.31.0.jar;C:\Users\bmasc\.m2\repository\com\google\apis\google-api-services-storage\v1-rev20200727-1.30.10\google-api-services-storage-v1-rev20200727-1.30.10.jar;C:\Users\bmasc\.m2\repository\com\google\code\gson\gson\2.8.6\gson-2.8.6.jar;C:\Users\bmasc\.m2\repository\com\google\cloud\google-cloud-core\1.93.7\google-cloud-core-1.93.7.jar;C:\Users\bmasc\.m2\repository\com\google\auto\value\auto-value-annotations\1.7.2\auto-value-annotations-1.7.2.jar;C:\Users\bmasc\.m2\repository\com\google\api\grpc\proto-google-common-protos\1.18.0\proto-google-common-protos-1.18.0.jar;C:\Users\bmasc\.m2\repository\com\google\cloud\google-cloud-core-http\1.93.7\google-cloud-core-http-1.93.7.jar;C:\Users\bmasc\.m2\repository\com\google\http-client\google-http-client-appengine\1.36.0\google-http-client-appengine-1.36.0.jar;C:\Users\bmasc\.m2\repository\com\google\api\gax-httpjson\0.75.2\gax-httpjson-0.75.2.jar;C:\Users\bmasc\.m2\repository\com\google\api\gax\1.58.2\gax-1.58.2.jar;C:\Users\bmasc\.m2\repository\com\google\auth\google-auth-library-credentials\0.21.1\google-auth-library-credentials-0.21.1.jar;C:\Users\bmasc\.m2\repository\com\google\api\api-common\1.10.0\api-common-1.10.0.jar;C:\Users\bmasc\.m2\repository\javax\annotation\javax.annotation-api\1.3.2\javax.annotation-api-1.3.2.jar;C:\Users\bmasc\.m2\repository\io\opencensus\opencensus-api\0.24.0\opencensus-api-0.24.0.jar;C:\Users\bmasc\.m2\repository\io\grpc\grpc-context\1.31.0\grpc-context-1.31.0.jar;C:\Users\bmasc\.m2\repository\com\google\api\grpc\proto-google-iam-v1\0.13.0\proto-google-iam-v1-0.13.0.jar;C:\Users\bmasc\.m2\repository\com\google\protobuf\protobuf-java\3.12.4\protobuf-java-3.12.4.jar;C:\Users\bmasc\.m2\repository\com\google\protobuf\protobuf-java-util\3.12.4\protobuf-java-util-3.12.4.jar;C:\Users\bmasc\.m2\repository\org\threeten\threetenbp\1.4.4\threetenbp-1.4.4.jar;C:\Users\bmasc\.m2\repository\org\apache\logging\log4j\log4j-api\2.13.1\log4j-api-2.13.1.jar;C:\Users\bmasc\.m2\repository\org\apache\logging\log4j\log4j-core\2.13.1\log4j-core-2.13.1.jar;C:\Users\bmasc\.m2\repository\org\junit\jupiter\junit-jupiter-api\5.7.0\junit-jupiter-api-5.7.0.jar;C:\Users\bmasc\.m2\repository\org\apiguardian\apiguardian-api\1.1.0\apiguardian-api-1.1.0.jar;C:\Users\bmasc\.m2\repository\org\opentest4j\opentest4j\1.2.0\opentest4j-1.2.0.jar;C:\Users\bmasc\.m2\repository\org\junit\platform\junit-platform-commons\1.7.0\junit-platform-commons-1.7.0.jar;C:\Users\bmasc\.m2\repository\org\junit\jupiter\junit-jupiter-params\5.7.0\junit-jupiter-params-5.7.0.jar;C:\Users\bmasc\.m2\repository\com\google\auth\google-auth-library-oauth2-http\0.22.1\google-auth-library-oauth2-http-0.22.1.jar;C:\Users\bmasc\.m2\repository\org\jolie-lang\jolie\1.9.1\jolie-1.9.1.jar;C:\Users\bmasc\.m2\repository\org\jolie-lang\libjolie\1.9.1\libjolie-1.9.1.jar;C:\Users\bmasc\.m2\repository\org\jolie-lang\jolie-java\1.9.1\jolie-java-1.9.1.jar;C:\Users\bmasc\.m2\repository\org\jolie-lang\sodep\1.9.1\sodep-1.9.1.jar;"/>
    <property name="sun.cpu.endian" value="little"/>
    <property name="user.home" value="C:\Users\bmasc"/>
    <property name="user.language" value="it"/>
    <property name="java.specification.vendor" value="Oracle Corporation"/>
    <property name="java.version.date" value="2019-07-16"/>
    <property name="java.home" value="C:\Program Files\Java\jdk-11.0.4"/>
    <property name="file.separator" value="\"/>
    <property name="basedir" value="C:\Progetti\GitPixis\GoogleApiService"/>
    <property name="java.vm.compressedOopsMode" value="Zero based"/>
    <property name="line.separator" value="&#10;"/>
    <property name="java.specification.name" value="Java Platform API Specification"/>
    <property name="java.vm.specification.vendor" value="Oracle Corporation"/>
    <property name="java.awt.graphicsenv" value="sun.awt.Win32GraphicsEnvironment"/>
    <property name="surefire.real.class.path" value="C:\Users\bmasc\AppData\Local\Temp\surefire9126277245756780284\surefirebooter2965969036408812211.jar"/>
    <property name="user.script" value=""/>
    <property name="sun.management.compiler" value="HotSpot 64-Bit Tiered Compilers"/>
    <property name="java.runtime.version" value="11.0.4+10-LTS"/>
    <property name="user.name" value="bmasc"/>
    <property name="path.separator" value=";"/>
    <property name="os.version" value="10.0"/>
    <property name="java.runtime.name" value="Java(TM) SE Runtime Environment"/>
    <property name="file.encoding" value="Cp1252"/>
    <property name="java.vm.name" value="Java HotSpot(TM) 64-Bit Server VM"/>
    <property name="java.vendor.version" value="18.9"/>
    <property name="localRepository" value="C:\Users\bmasc\.m2\repository"/>
    <property name="java.vendor.url.bug" value="http://bugreport.java.com/bugreport/"/>
    <property name="java.io.tmpdir" value="C:\Users\bmasc\AppData\Local\Temp\"/>
    <property name="idea.version" value="2020.3.1"/>
    <property name="java.version" value="11.0.4"/>
    <property name="user.dir" value="C:\Progetti\GitPixis\GoogleApiService"/>
    <property name="os.arch" value="amd64"/>
    <property name="java.vm.specification.name" value="Java Virtual Machine Specification"/>
    <property name="java.awt.printerjob" value="sun.awt.windows.WPrinterJob"/>
    <property name="sun.os.patch.level" value=""/>
    <property name="java.library.path" value="C:\Program Files\Java\jdk-11.0.4\bin;C:\WINDOWS\Sun\Java\bin;C:\WINDOWS\system32;C:\WINDOWS;C:\Program Files (x86)\PC Connectivity Solution\;C:\windows\system32;C:\windows;C:\windows\System32\Wbem;C:\windows\System32\WindowsPowerShell\v1.0\;C:\windows\System32\OpenSSH\;C:\Program Files (x86)\NVIDIA Corporation\PhysX\Common;C:\MongoDB\Server\3.6\bin;C:\Program Files\NVIDIA Corporation\NVIDIA NvDLISR;C:\maven\bin;C:\Program Files (x86)\GnuWin32\bin;C:\OpenSSL\bin;C:\Program Files\Java\jdk-11.0.4\bin;C:\WINDOWS\system32;C:\WINDOWS;C:\WINDOWS\System32\Wbem;C:\WINDOWS\System32\WindowsPowerShell\v1.0\;C:\WINDOWS\System32\OpenSSH\;C:\Program Files\nodejs\;C:\Program Files\PuTTY\;D:\Programmi\metasploit-framework\bin\;C:\WINDOWS\system32;C:\WINDOWS;C:\WINDOWS\System32\Wbem;C:\WINDOWS\System32\WindowsPowerShell\v1.0\;C:\WINDOWS\System32\OpenSSH\;C:\Go\bin;C:\Program Files\Git\cmd;C:\Program Files\Docker\Docker\resources\bin;C:\ProgramData\DockerDesktop\version-bin;C:\Program Files (x86)\PuTTY\;C:\Users\bmasc\AppData\Local\Microsoft\WindowsApps;C:\Program Files\JetBrains\IntelliJ IDEA 2019.2.3\bin;D:\Programmi\Gcloud\google-cloud-sdk\bin;D:\Programmi\IntelliJ IDEA Community Edition 2019.2.4\bin;C:\mysql\bin;C:\Users\bmasc\AppData\Roaming\npm;C:\curl\bin;C:\Users\bmasc\AppData\Local\Programs\Microsoft VS Code\bin;C:\Users\bmasc\AppData\Local\GitHubDesktop\bin;C:\ProgramData\bmasc\GitHubDesktop\bin;C:\Users\bmasc\AppData\Local\Microsoft\WindowsApps;C:\Users\bmasc\go\bin;C:\Users\bmasc\AppData\Local\Google\Cloud SDK\google-cloud-sdk\bin;."/>
    <property name="java.vendor" value="Oracle Corporation"/>
    <property name="java.vm.info" value="mixed mode"/>
    <property name="java.vm.version" value="11.0.4+10-LTS"/>
    <property name="sun.io.unicode.encoding" value="UnicodeLittle"/>
    <property name="java.class.version" value="55.0"/>
  </properties>
  <testcase name="rename" classname="GoogleCloudStorageApiTest" time="1.822"/>
  <testcase name="upload" classname="GoogleCloudStorageApiTest" time="0.254"/>
  <testcase name="generateV4GetObjectSignedUrl" classname="GoogleCloudStorageApiTest" time="0.01"/>
  <testcase name="copy" classname="GoogleCloudStorageApiTest" time="0"/>
  <testcase name="move" classname="GoogleCloudStorageApiTest" time="0.669"/>
  <testcase name="createBucket" classname="GoogleCloudStorageApiTest" time="1.381">
    <error type="com.google.cloud.storage.StorageException"><![CDATA[com.google.cloud.storage.StorageException: You already own this bucket. Please select another name.
	at GoogleCloudStorageApiTest.createBucket(GoogleCloudStorageApiTest.java:97)
Caused by: com.google.api.client.googleapis.json.GoogleJsonResponseException: 
409 Conflict
POST https://storage.googleapis.com/storage/v1/b?project=jvproject-289212&projection=full
{
  "code" : 409,
  "errors" : [ {
    "domain" : "global",
    "message" : "You already own this bucket. Please select another name.",
    "reason" : "conflict"
  } ],
  "message" : "You already own this bucket. Please select another name."
}
	at GoogleCloudStorageApiTest.createBucket(GoogleCloudStorageApiTest.java:97)
]]></error>
  </testcase>
  <testcase name="download" classname="GoogleCloudStorageApiTest" time="0.119">
    <error type="java.lang.NullPointerException"><![CDATA[java.lang.NullPointerException
	at GoogleCloudStorageApiTest.download(GoogleCloudStorageApiTest.java:50)
]]></error>
  </testcase>
</testsuite>